<?xml version="1.0" encoding="utf-8"?>
<shfbBuild product="Sandcastle Help File Builder" version="2015.5.2.0" projectFile="C:\Meins\Coding\Cpp\legendary_crafter\legendary_crafter_doc.shfbproj" started="05.05.2015 02:52:48">
<buildStep step="Initializing">
Finding tools...
The Sandcastle tools are located in &#39;C:\Program Files (x86)\EWSoftware\Sandcastle Help File Builder\&#39;
Locating components in the following folder(s):
   C:\Meins\Coding\Cpp\legendary_crafter
Using presentation style &#39;VS2013&#39; located in &#39;C:\Program Files (x86)\EWSoftware\Sandcastle Help File Builder\PresentationStyles\VS2013&#39;
Loading and initializing plug-ins...
Lightweight Website Style Version 2015.5.2.0
Copyright &#169; 2006-2015, Eric Woodruff, All Rights Reserved
Portions Copyright &#169; 2014, Sam Harwell, All Rights Reserved
</buildStep>
<buildStep step="ValidatingDocumentationSources">
Validating and copying documentation source information
Source: C:\Meins\Coding\Cpp\legendary_crafter\legendary_crafter\bin\legendary_crafter.exe
    Found assembly &#39;C:\Meins\Coding\Cpp\legendary_crafter\legendary_crafter\bin\legendary_crafter.exe&#39;
Source: C:\Meins\Coding\Cpp\legendary_crafter\legendary_crafter\bin\legendary_crafter.xml

Copying XML comments files
    C:\Meins\Coding\Cpp\legendary_crafter\legendary_crafter\bin\legendary_crafter.XML -&gt; C:\Meins\Coding\Cpp\legendary_crafter\Help\Working\legendary_crafter.XML
</buildStep>
<buildStep step="GenerateSharedContent">
Generating shared content files (en-US, Englisch (USA))...
<plugIn name="Lightweight Website Style" behavior="After" priority="1000">
</plugIn>    Last step completed in 00:00:00,0300
</buildStep>
<buildStep step="GenerateApiFilter">
Generating API filter for MRefBuilder...
    Last step completed in 00:00:00,0000
</buildStep>
<buildStep step="GenerateReflectionInfo">
Generating reflection information...
[C:\Windows\Microsoft.NET\Framework64\v4.0.30319\MSBuild.exe]
Der Buildvorgang wurde am 05.05.2015 02:52:50 gestartet.
Projekt &quot;C:\Meins\Coding\Cpp\legendary_crafter\Help\Working\GenerateRefInfo.proj&quot; auf Knoten &quot;1&quot; (Standardziele).
PrepareForBuild:
  Das Verzeichnis &quot;obj\Debug\&quot; wird erstellt.
GenerateRefInfo:
  MRefBuilder (v2015.5.2.0)
  Copyright &#184; 2006-2015, Microsoft Corporation, All Rights Reserved.
  Portions Copyright &#184; 2006-2014, Eric Woodruff, All Rights Reserved.
  Loaded 1 assemblies for reflection and 1 dependency assemblies.
  Wrote information on 1 namespaces, 1 types, and 6 members
  Die Datei wird von &quot;reflection.org&quot; in &quot;reflection.all&quot; kopiert.
  XslTransform (v2015.5.2.0)
  Copyright &#184; 2006-2015, Microsoft Corporation, All Rights Reserved.
  Portions Copyright &#184; 2006-2014, Eric Woodruff, All Rights Reserved.
  Applying XSL transformation &#39;C:\Program Files (x86)\EWSoftware\Sandcastle Help File Builder\ProductionTransforms\MergeDuplicates.xsl&#39;.
Die Erstellung von Projekt &quot;C:\Meins\Coding\Cpp\legendary_crafter\Help\Working\GenerateRefInfo.proj&quot; ist abgeschlossen (Standardziele).

Der Buildvorgang wurde erfolgreich ausgef혖hrt.

Verstrichene Zeit 00:00:02.16
    Last step completed in 00:00:02,9600
</buildStep>
<buildStep step="TransformReflectionInfo">
Transforming reflection output...
[C:\Windows\Microsoft.NET\Framework64\v4.0.30319\MSBuild.exe]
Der Buildvorgang wurde am 05.05.2015 02:52:52 gestartet.
Projekt &quot;C:\Meins\Coding\Cpp\legendary_crafter\Help\Working\TransformManifest.proj&quot; auf Knoten &quot;1&quot; (Standardziele).
TransformManifest:
  XslTransform (v2015.5.2.0)
  Copyright &#184; 2006-2015, Microsoft Corporation, All Rights Reserved.
  Portions Copyright &#184; 2006-2014, Eric Woodruff, All Rights Reserved.
  Applying XSL transformation &#39;C:\Program Files (x86)\EWSoftware\Sandcastle Help File Builder\\ProductionTransforms\ApplyVSDocModel.xsl&#39;.
  Die Datei wird von &quot;reflection.xml&quot; in &quot;reflection.ungrouped&quot; kopiert.
  AddNamespaceGroups (v2015.5.2.0)
  Copyright &#184; 2006-2015, Microsoft Corporation, All Rights Reserved.
  Portions Copyright &#184; 2006-2014, Eric Woodruff, All Rights Reserved.
  Added 0 namespace group entries
  Die Datei wird von &quot;reflection.xml&quot; in &quot;reflection.nofilenames&quot; kopiert.
  XslTransform (v2015.5.2.0)
  Copyright &#184; 2006-2015, Microsoft Corporation, All Rights Reserved.
  Portions Copyright &#184; 2006-2014, Eric Woodruff, All Rights Reserved.
  Applying XSL transformation &#39;C:\Program Files (x86)\EWSoftware\Sandcastle Help File Builder\ProductionTransforms\AddFilenames.xsl&#39;.
  XslTransform (v2015.5.2.0)
  Copyright &#184; 2006-2015, Microsoft Corporation, All Rights Reserved.
  Portions Copyright &#184; 2006-2014, Eric Woodruff, All Rights Reserved.
  Applying XSL transformation &#39;C:\Program Files (x86)\EWSoftware\Sandcastle Help File Builder\ProductionTransforms\ReflectionToManifest.xsl&#39;.
Die Erstellung von Projekt &quot;C:\Meins\Coding\Cpp\legendary_crafter\Help\Working\TransformManifest.proj&quot; ist abgeschlossen (Standardziele).

Der Buildvorgang wurde erfolgreich ausgef혖hrt.

Verstrichene Zeit 00:00:01.82
    Last step completed in 00:00:02,2700
</buildStep>
<buildStep step="GenerateNamespaceSummaries">
Generating namespace summary information...
    Last step completed in 00:00:00,0500
</buildStep>
<buildStep step="CopyAdditionalContent">
Copying additional content files...
No additional content to copy
    Last step completed in 00:00:00,0100
</buildStep>
<buildStep step="MergeTablesOfContents">
Merging conceptual and additional tables of contents...
    Last step completed in 00:00:00,0000
</buildStep>
<buildStep step="GenerateIntermediateTableOfContents">
Generating intermediate table of contents file...
[C:\Windows\Microsoft.NET\Framework64\v4.0.30319\MSBuild.exe]
Der Buildvorgang wurde am 05.05.2015 02:52:55 gestartet.
Projekt &quot;C:\Meins\Coding\Cpp\legendary_crafter\Help\Working\GenerateIntermediateTOC.proj&quot; auf Knoten &quot;1&quot; (Standardziele).
GenerateIntermediateTOC:
  XslTransform (v2015.5.2.0)
  Copyright &#184; 2006-2015, Microsoft Corporation, All Rights Reserved.
  Portions Copyright &#184; 2006-2014, Eric Woodruff, All Rights Reserved.
  Applying XSL transformation &#39;C:\Program Files (x86)\EWSoftware\Sandcastle Help File Builder\\ProductionTransforms\CreateVSToc.xsl&#39;.
Die Erstellung von Projekt &quot;C:\Meins\Coding\Cpp\legendary_crafter\Help\Working\GenerateIntermediateTOC.proj&quot; ist abgeschlossen (Standardziele).

Der Buildvorgang wurde erfolgreich ausgef혖hrt.

Verstrichene Zeit 00:00:01.05
Generating conceptual content intermediate TOC file...
    Last step completed in 00:00:01,5040
</buildStep>
<buildStep step="CreateBuildAssemblerConfigs">
Creating Sandcastle configuration files...
    sandcastle.config
    Last step completed in 00:00:00,1900
</buildStep>
<buildStep step="MergeCustomConfigs">
Merging custom build component configurations
C:\Meins\Coding\Cpp\legendary_crafter\Help\Working\sandcastle.config
    Added configuration for &#39;IntelliSense Component&#39; after &#39;Show Missing Documentation Component&#39; (instance 1)
    Last step completed in 00:00:00,0600
</buildStep>
<buildStep step="BuildReferenceTopics">
Building reference help topics...
[C:\Windows\Microsoft.NET\Framework64\v4.0.30319\MSBuild.exe]
Der Buildvorgang wurde am 05.05.2015 02:52:56 gestartet.
Projekt &quot;C:\Meins\Coding\Cpp\legendary_crafter\Help\Working\BuildReferenceTopics.proj&quot; auf Knoten &quot;1&quot; (Standardziele).
BuildReferenceTopics:
  BuildAssembler (v2015.5.2.0)
  Copyright &#184; 2006-2015, Microsoft Corporation, All Rights Reserved.
  Portions Copyright &#184; 2006-2014, Eric Woodruff, All Rights Reserved.
  Loading configuration...
  Processing topics...
BuildAssembler : warning : ShowMissingComponent: [N:legendary_crafter] Missing &lt;summary&gt; documentation [C:\Meins\Coding\Cpp\legendary_crafter\Help\Working\BuildReferenceTopics.proj]
BuildAssembler : warning : ShowMissingComponent: [T:legendary_crafter.matGift] Missing &lt;summary&gt; documentation [C:\Meins\Coding\Cpp\legendary_crafter\Help\Working\BuildReferenceTopics.proj]
BuildAssembler : warning : ShowMissingComponent: [T:legendary_crafter.matGift] Missing &lt;remarks&gt; documentation [C:\Meins\Coding\Cpp\legendary_crafter\Help\Working\BuildReferenceTopics.proj]
BuildAssembler : warning : ShowMissingComponent: [M:legendary_crafter.matGift.#ctor] Missing &lt;remarks&gt; documentation [C:\Meins\Coding\Cpp\legendary_crafter\Help\Working\BuildReferenceTopics.proj]
BuildAssembler : warning : ShowMissingComponent: [P:legendary_crafter.matGift.item] Missing &lt;summary&gt; documentation [C:\Meins\Coding\Cpp\legendary_crafter\Help\Working\BuildReferenceTopics.proj]
BuildAssembler : warning : ShowMissingComponent: [P:legendary_crafter.matGift.item] Missing &lt;remarks&gt; documentation [C:\Meins\Coding\Cpp\legendary_crafter\Help\Working\BuildReferenceTopics.proj]
BuildAssembler : warning : ShowMissingComponent: [P:legendary_crafter.matGift.item] Missing &lt;value&gt; documentation [C:\Meins\Coding\Cpp\legendary_crafter\Help\Working\BuildReferenceTopics.proj]
BuildAssembler : warning : ShowMissingComponent: [P:legendary_crafter.matGift.item1] Missing &lt;summary&gt; documentation [C:\Meins\Coding\Cpp\legendary_crafter\Help\Working\BuildReferenceTopics.proj]
BuildAssembler : warning : ShowMissingComponent: [P:legendary_crafter.matGift.item1] Missing &lt;remarks&gt; documentation [C:\Meins\Coding\Cpp\legendary_crafter\Help\Working\BuildReferenceTopics.proj]
BuildAssembler : warning : ShowMissingComponent: [P:legendary_crafter.matGift.item1] Missing &lt;value&gt; documentation [C:\Meins\Coding\Cpp\legendary_crafter\Help\Working\BuildReferenceTopics.proj]
BuildAssembler : warning : ShowMissingComponent: [P:legendary_crafter.matGift.item2] Missing &lt;summary&gt; documentation [C:\Meins\Coding\Cpp\legendary_crafter\Help\Working\BuildReferenceTopics.proj]
BuildAssembler : warning : ShowMissingComponent: [P:legendary_crafter.matGift.item2] Missing &lt;remarks&gt; documentation [C:\Meins\Coding\Cpp\legendary_crafter\Help\Working\BuildReferenceTopics.proj]
BuildAssembler : warning : ShowMissingComponent: [P:legendary_crafter.matGift.item2] Missing &lt;value&gt; documentation [C:\Meins\Coding\Cpp\legendary_crafter\Help\Working\BuildReferenceTopics.proj]
BuildAssembler : warning : ShowMissingComponent: [P:legendary_crafter.matGift.item3] Missing &lt;summary&gt; documentation [C:\Meins\Coding\Cpp\legendary_crafter\Help\Working\BuildReferenceTopics.proj]
BuildAssembler : warning : ShowMissingComponent: [P:legendary_crafter.matGift.item3] Missing &lt;remarks&gt; documentation [C:\Meins\Coding\Cpp\legendary_crafter\Help\Working\BuildReferenceTopics.proj]
BuildAssembler : warning : ShowMissingComponent: [P:legendary_crafter.matGift.item3] Missing &lt;value&gt; documentation [C:\Meins\Coding\Cpp\legendary_crafter\Help\Working\BuildReferenceTopics.proj]
BuildAssembler : warning : ShowMissingComponent: [P:legendary_crafter.matGift.name] Missing &lt;summary&gt; documentation [C:\Meins\Coding\Cpp\legendary_crafter\Help\Working\BuildReferenceTopics.proj]
BuildAssembler : warning : ShowMissingComponent: [P:legendary_crafter.matGift.name] Missing &lt;remarks&gt; documentation [C:\Meins\Coding\Cpp\legendary_crafter\Help\Working\BuildReferenceTopics.proj]
BuildAssembler : warning : ShowMissingComponent: [P:legendary_crafter.matGift.name] Missing &lt;value&gt; documentation [C:\Meins\Coding\Cpp\legendary_crafter\Help\Working\BuildReferenceTopics.proj]
  Processed 10 topic(s)
  19 warning(s)
  CopyFromIndexComponent: &quot;reflection&quot; in-memory cache entries used: 2 of 15.
  CopyFromIndexComponent: &quot;comments&quot; in-memory cache entries used: 2 of 30.
Die Erstellung von Projekt &quot;C:\Meins\Coding\Cpp\legendary_crafter\Help\Working\BuildReferenceTopics.proj&quot; ist abgeschlossen (Standardziele).

Der Buildvorgang wurde erfolgreich ausgef혖hrt.

Verstrichene Zeit 00:00:11.31
    Last step completed in 00:00:11,8653
</buildStep>
<buildStep step="CombiningIntermediateTocFiles">
Combining conceptual and API intermediate TOC files...
    Last step completed in 00:00:00,0040
</buildStep>
<buildStep step="CopyStandardHelpContent">
Copying standard help content...
C:\Program Files (x86)\EWSoftware\Sandcastle Help File Builder\PresentationStyles\VS2013\icons\AlertCaution.png -&gt; C:\Meins\Coding\Cpp\legendary_crafter\Help\Working\Output\MSHelpViewer\icons\AlertCaution.png
C:\Program Files (x86)\EWSoftware\Sandcastle Help File Builder\PresentationStyles\VS2013\icons\AlertNote.png -&gt; C:\Meins\Coding\Cpp\legendary_crafter\Help\Working\Output\MSHelpViewer\icons\AlertNote.png
C:\Program Files (x86)\EWSoftware\Sandcastle Help File Builder\PresentationStyles\VS2013\icons\AlertSecurity.png -&gt; C:\Meins\Coding\Cpp\legendary_crafter\Help\Working\Output\MSHelpViewer\icons\AlertSecurity.png
C:\Program Files (x86)\EWSoftware\Sandcastle Help File Builder\PresentationStyles\VS2013\icons\CFW.gif -&gt; C:\Meins\Coding\Cpp\legendary_crafter\Help\Working\Output\MSHelpViewer\icons\CFW.gif
C:\Program Files (x86)\EWSoftware\Sandcastle Help File Builder\PresentationStyles\VS2013\icons\CodeExample.png -&gt; C:\Meins\Coding\Cpp\legendary_crafter\Help\Working\Output\MSHelpViewer\icons\CodeExample.png
C:\Program Files (x86)\EWSoftware\Sandcastle Help File Builder\PresentationStyles\VS2013\icons\favicon.ico -&gt; C:\Meins\Coding\Cpp\legendary_crafter\Help\Working\Output\MSHelpViewer\icons\favicon.ico
C:\Program Files (x86)\EWSoftware\Sandcastle Help File Builder\PresentationStyles\VS2013\icons\privclass.gif -&gt; C:\Meins\Coding\Cpp\legendary_crafter\Help\Working\Output\MSHelpViewer\icons\privclass.gif
C:\Program Files (x86)\EWSoftware\Sandcastle Help File Builder\PresentationStyles\VS2013\icons\privdelegate.gif -&gt; C:\Meins\Coding\Cpp\legendary_crafter\Help\Working\Output\MSHelpViewer\icons\privdelegate.gif
C:\Program Files (x86)\EWSoftware\Sandcastle Help File Builder\PresentationStyles\VS2013\icons\privenumeration.gif -&gt; C:\Meins\Coding\Cpp\legendary_crafter\Help\Working\Output\MSHelpViewer\icons\privenumeration.gif
C:\Program Files (x86)\EWSoftware\Sandcastle Help File Builder\PresentationStyles\VS2013\icons\privevent.gif -&gt; C:\Meins\Coding\Cpp\legendary_crafter\Help\Working\Output\MSHelpViewer\icons\privevent.gif
C:\Program Files (x86)\EWSoftware\Sandcastle Help File Builder\PresentationStyles\VS2013\icons\privextension.gif -&gt; C:\Meins\Coding\Cpp\legendary_crafter\Help\Working\Output\MSHelpViewer\icons\privextension.gif
C:\Program Files (x86)\EWSoftware\Sandcastle Help File Builder\PresentationStyles\VS2013\icons\privfield.gif -&gt; C:\Meins\Coding\Cpp\legendary_crafter\Help\Working\Output\MSHelpViewer\icons\privfield.gif
C:\Program Files (x86)\EWSoftware\Sandcastle Help File Builder\PresentationStyles\VS2013\icons\privinterface.gif -&gt; C:\Meins\Coding\Cpp\legendary_crafter\Help\Working\Output\MSHelpViewer\icons\privinterface.gif
C:\Program Files (x86)\EWSoftware\Sandcastle Help File Builder\PresentationStyles\VS2013\icons\privmethod.gif -&gt; C:\Meins\Coding\Cpp\legendary_crafter\Help\Working\Output\MSHelpViewer\icons\privmethod.gif
C:\Program Files (x86)\EWSoftware\Sandcastle Help File Builder\PresentationStyles\VS2013\icons\privproperty.gif -&gt; C:\Meins\Coding\Cpp\legendary_crafter\Help\Working\Output\MSHelpViewer\icons\privproperty.gif
C:\Program Files (x86)\EWSoftware\Sandcastle Help File Builder\PresentationStyles\VS2013\icons\privstructure.gif -&gt; C:\Meins\Coding\Cpp\legendary_crafter\Help\Working\Output\MSHelpViewer\icons\privstructure.gif
C:\Program Files (x86)\EWSoftware\Sandcastle Help File Builder\PresentationStyles\VS2013\icons\protclass.gif -&gt; C:\Meins\Coding\Cpp\legendary_crafter\Help\Working\Output\MSHelpViewer\icons\protclass.gif
C:\Program Files (x86)\EWSoftware\Sandcastle Help File Builder\PresentationStyles\VS2013\icons\protdelegate.gif -&gt; C:\Meins\Coding\Cpp\legendary_crafter\Help\Working\Output\MSHelpViewer\icons\protdelegate.gif
C:\Program Files (x86)\EWSoftware\Sandcastle Help File Builder\PresentationStyles\VS2013\icons\protenumeration.gif -&gt; C:\Meins\Coding\Cpp\legendary_crafter\Help\Working\Output\MSHelpViewer\icons\protenumeration.gif
C:\Program Files (x86)\EWSoftware\Sandcastle Help File Builder\PresentationStyles\VS2013\icons\protevent.gif -&gt; C:\Meins\Coding\Cpp\legendary_crafter\Help\Working\Output\MSHelpViewer\icons\protevent.gif
C:\Program Files (x86)\EWSoftware\Sandcastle Help File Builder\PresentationStyles\VS2013\icons\protextension.gif -&gt; C:\Meins\Coding\Cpp\legendary_crafter\Help\Working\Output\MSHelpViewer\icons\protextension.gif
C:\Program Files (x86)\EWSoftware\Sandcastle Help File Builder\PresentationStyles\VS2013\icons\protfield.gif -&gt; C:\Meins\Coding\Cpp\legendary_crafter\Help\Working\Output\MSHelpViewer\icons\protfield.gif
C:\Program Files (x86)\EWSoftware\Sandcastle Help File Builder\PresentationStyles\VS2013\icons\protinterface.gif -&gt; C:\Meins\Coding\Cpp\legendary_crafter\Help\Working\Output\MSHelpViewer\icons\protinterface.gif
C:\Program Files (x86)\EWSoftware\Sandcastle Help File Builder\PresentationStyles\VS2013\icons\protmethod.gif -&gt; C:\Meins\Coding\Cpp\legendary_crafter\Help\Working\Output\MSHelpViewer\icons\protmethod.gif
C:\Program Files (x86)\EWSoftware\Sandcastle Help File Builder\PresentationStyles\VS2013\icons\protoperator.gif -&gt; C:\Meins\Coding\Cpp\legendary_crafter\Help\Working\Output\MSHelpViewer\icons\protoperator.gif
C:\Program Files (x86)\EWSoftware\Sandcastle Help File Builder\PresentationStyles\VS2013\icons\protproperty.gif -&gt; C:\Meins\Coding\Cpp\legendary_crafter\Help\Working\Output\MSHelpViewer\icons\protproperty.gif
C:\Program Files (x86)\EWSoftware\Sandcastle Help File Builder\PresentationStyles\VS2013\icons\protstructure.gif -&gt; C:\Meins\Coding\Cpp\legendary_crafter\Help\Working\Output\MSHelpViewer\icons\protstructure.gif
C:\Program Files (x86)\EWSoftware\Sandcastle Help File Builder\PresentationStyles\VS2013\icons\pubclass.gif -&gt; C:\Meins\Coding\Cpp\legendary_crafter\Help\Working\Output\MSHelpViewer\icons\pubclass.gif
C:\Program Files (x86)\EWSoftware\Sandcastle Help File Builder\PresentationStyles\VS2013\icons\pubdelegate.gif -&gt; C:\Meins\Coding\Cpp\legendary_crafter\Help\Working\Output\MSHelpViewer\icons\pubdelegate.gif
C:\Program Files (x86)\EWSoftware\Sandcastle Help File Builder\PresentationStyles\VS2013\icons\pubenumeration.gif -&gt; C:\Meins\Coding\Cpp\legendary_crafter\Help\Working\Output\MSHelpViewer\icons\pubenumeration.gif
C:\Program Files (x86)\EWSoftware\Sandcastle Help File Builder\PresentationStyles\VS2013\icons\pubevent.gif -&gt; C:\Meins\Coding\Cpp\legendary_crafter\Help\Working\Output\MSHelpViewer\icons\pubevent.gif
C:\Program Files (x86)\EWSoftware\Sandcastle Help File Builder\PresentationStyles\VS2013\icons\pubextension.gif -&gt; C:\Meins\Coding\Cpp\legendary_crafter\Help\Working\Output\MSHelpViewer\icons\pubextension.gif
C:\Program Files (x86)\EWSoftware\Sandcastle Help File Builder\PresentationStyles\VS2013\icons\pubfield.gif -&gt; C:\Meins\Coding\Cpp\legendary_crafter\Help\Working\Output\MSHelpViewer\icons\pubfield.gif
C:\Program Files (x86)\EWSoftware\Sandcastle Help File Builder\PresentationStyles\VS2013\icons\pubinterface.gif -&gt; C:\Meins\Coding\Cpp\legendary_crafter\Help\Working\Output\MSHelpViewer\icons\pubinterface.gif
C:\Program Files (x86)\EWSoftware\Sandcastle Help File Builder\PresentationStyles\VS2013\icons\pubmethod.gif -&gt; C:\Meins\Coding\Cpp\legendary_crafter\Help\Working\Output\MSHelpViewer\icons\pubmethod.gif
C:\Program Files (x86)\EWSoftware\Sandcastle Help File Builder\PresentationStyles\VS2013\icons\puboperator.gif -&gt; C:\Meins\Coding\Cpp\legendary_crafter\Help\Working\Output\MSHelpViewer\icons\puboperator.gif
C:\Program Files (x86)\EWSoftware\Sandcastle Help File Builder\PresentationStyles\VS2013\icons\pubproperty.gif -&gt; C:\Meins\Coding\Cpp\legendary_crafter\Help\Working\Output\MSHelpViewer\icons\pubproperty.gif
C:\Program Files (x86)\EWSoftware\Sandcastle Help File Builder\PresentationStyles\VS2013\icons\pubstructure.gif -&gt; C:\Meins\Coding\Cpp\legendary_crafter\Help\Working\Output\MSHelpViewer\icons\pubstructure.gif
C:\Program Files (x86)\EWSoftware\Sandcastle Help File Builder\PresentationStyles\VS2013\icons\SectionCollapsed.png -&gt; C:\Meins\Coding\Cpp\legendary_crafter\Help\Working\Output\MSHelpViewer\icons\SectionCollapsed.png
C:\Program Files (x86)\EWSoftware\Sandcastle Help File Builder\PresentationStyles\VS2013\icons\SectionExpanded.png -&gt; C:\Meins\Coding\Cpp\legendary_crafter\Help\Working\Output\MSHelpViewer\icons\SectionExpanded.png
C:\Program Files (x86)\EWSoftware\Sandcastle Help File Builder\PresentationStyles\VS2013\icons\slMobile.gif -&gt; C:\Meins\Coding\Cpp\legendary_crafter\Help\Working\Output\MSHelpViewer\icons\slMobile.gif
C:\Program Files (x86)\EWSoftware\Sandcastle Help File Builder\PresentationStyles\VS2013\icons\static.gif -&gt; C:\Meins\Coding\Cpp\legendary_crafter\Help\Working\Output\MSHelpViewer\icons\static.gif
C:\Program Files (x86)\EWSoftware\Sandcastle Help File Builder\PresentationStyles\VS2013\icons\xna.gif -&gt; C:\Meins\Coding\Cpp\legendary_crafter\Help\Working\Output\MSHelpViewer\icons\xna.gif
C:\Program Files (x86)\EWSoftware\Sandcastle Help File Builder\PresentationStyles\VS2013\scripts\branding.js -&gt; C:\Meins\Coding\Cpp\legendary_crafter\Help\Working\Output\MSHelpViewer\scripts\branding.js
C:\Program Files (x86)\EWSoftware\Sandcastle Help File Builder\PresentationStyles\VS2013\styles\branding-cs-CZ.css -&gt; C:\Meins\Coding\Cpp\legendary_crafter\Help\Working\Output\MSHelpViewer\styles\branding-cs-CZ.css
C:\Program Files (x86)\EWSoftware\Sandcastle Help File Builder\PresentationStyles\VS2013\styles\branding-de-DE.css -&gt; C:\Meins\Coding\Cpp\legendary_crafter\Help\Working\Output\MSHelpViewer\styles\branding-de-DE.css
C:\Program Files (x86)\EWSoftware\Sandcastle Help File Builder\PresentationStyles\VS2013\styles\branding-en-US.css -&gt; C:\Meins\Coding\Cpp\legendary_crafter\Help\Working\Output\MSHelpViewer\styles\branding-en-US.css
C:\Program Files (x86)\EWSoftware\Sandcastle Help File Builder\PresentationStyles\VS2013\styles\branding-es-ES.css -&gt; C:\Meins\Coding\Cpp\legendary_crafter\Help\Working\Output\MSHelpViewer\styles\branding-es-ES.css
C:\Program Files (x86)\EWSoftware\Sandcastle Help File Builder\PresentationStyles\VS2013\styles\branding-fr-FR.css -&gt; C:\Meins\Coding\Cpp\legendary_crafter\Help\Working\Output\MSHelpViewer\styles\branding-fr-FR.css
C:\Program Files (x86)\EWSoftware\Sandcastle Help File Builder\PresentationStyles\VS2013\styles\branding-Help1.css -&gt; C:\Meins\Coding\Cpp\legendary_crafter\Help\Working\Output\MSHelpViewer\styles\branding-Help1.css
C:\Program Files (x86)\EWSoftware\Sandcastle Help File Builder\PresentationStyles\VS2013\styles\branding-Help2.css -&gt; C:\Meins\Coding\Cpp\legendary_crafter\Help\Working\Output\MSHelpViewer\styles\branding-Help2.css
C:\Program Files (x86)\EWSoftware\Sandcastle Help File Builder\PresentationStyles\VS2013\styles\branding-HelpViewer.css -&gt; C:\Meins\Coding\Cpp\legendary_crafter\Help\Working\Output\MSHelpViewer\styles\branding-HelpViewer.css
C:\Program Files (x86)\EWSoftware\Sandcastle Help File Builder\PresentationStyles\VS2013\styles\branding-it-IT.css -&gt; C:\Meins\Coding\Cpp\legendary_crafter\Help\Working\Output\MSHelpViewer\styles\branding-it-IT.css
C:\Program Files (x86)\EWSoftware\Sandcastle Help File Builder\PresentationStyles\VS2013\styles\branding-ja-JP.css -&gt; C:\Meins\Coding\Cpp\legendary_crafter\Help\Working\Output\MSHelpViewer\styles\branding-ja-JP.css
C:\Program Files (x86)\EWSoftware\Sandcastle Help File Builder\PresentationStyles\VS2013\styles\branding-ko-KR.css -&gt; C:\Meins\Coding\Cpp\legendary_crafter\Help\Working\Output\MSHelpViewer\styles\branding-ko-KR.css
C:\Program Files (x86)\EWSoftware\Sandcastle Help File Builder\PresentationStyles\VS2013\styles\branding-pl-PL.css -&gt; C:\Meins\Coding\Cpp\legendary_crafter\Help\Working\Output\MSHelpViewer\styles\branding-pl-PL.css
C:\Program Files (x86)\EWSoftware\Sandcastle Help File Builder\PresentationStyles\VS2013\styles\branding-pt-BR.css -&gt; C:\Meins\Coding\Cpp\legendary_crafter\Help\Working\Output\MSHelpViewer\styles\branding-pt-BR.css
C:\Program Files (x86)\EWSoftware\Sandcastle Help File Builder\PresentationStyles\VS2013\styles\branding-ru-RU.css -&gt; C:\Meins\Coding\Cpp\legendary_crafter\Help\Working\Output\MSHelpViewer\styles\branding-ru-RU.css
C:\Program Files (x86)\EWSoftware\Sandcastle Help File Builder\PresentationStyles\VS2013\styles\branding-tr-TR.css -&gt; C:\Meins\Coding\Cpp\legendary_crafter\Help\Working\Output\MSHelpViewer\styles\branding-tr-TR.css
C:\Program Files (x86)\EWSoftware\Sandcastle Help File Builder\PresentationStyles\VS2013\styles\branding-Website.css -&gt; C:\Meins\Coding\Cpp\legendary_crafter\Help\Working\Output\MSHelpViewer\styles\branding-Website.css
C:\Program Files (x86)\EWSoftware\Sandcastle Help File Builder\PresentationStyles\VS2013\styles\branding-zh-CN.css -&gt; C:\Meins\Coding\Cpp\legendary_crafter\Help\Working\Output\MSHelpViewer\styles\branding-zh-CN.css
C:\Program Files (x86)\EWSoftware\Sandcastle Help File Builder\PresentationStyles\VS2013\styles\branding-zh-TW.css -&gt; C:\Meins\Coding\Cpp\legendary_crafter\Help\Working\Output\MSHelpViewer\styles\branding-zh-TW.css
C:\Program Files (x86)\EWSoftware\Sandcastle Help File Builder\PresentationStyles\VS2013\styles\branding.css -&gt; C:\Meins\Coding\Cpp\legendary_crafter\Help\Working\Output\MSHelpViewer\styles\branding.css
    Last step completed in 00:00:00,3760
</buildStep>
<buildStep step="GenerateHelpFormatTableOfContents">
Executing informational Generate Table of Contents build step for plug-ins (not used for MS Help Viewer)
    Last step completed in 00:00:00,0030
</buildStep>
<buildStep step="GenerateHelpProject">
Executing informational Generate Help Project build step for plug-ins (not used for MS Help Viewer)
    Last step completed in 00:00:00,0020
</buildStep>
<buildStep step="CompilingHelpFile">
Generating MS Help Viewer file...
[C:\Windows\Microsoft.NET\Framework64\v4.0.30319\MSBuild.exe]
  Compressing help content files...
  Compression finished.  78 items added
  Saving C:\Meins\Coding\Cpp\legendary_crafter\Help\Documentation.mshc...
  Finished saving C:\Meins\Coding\Cpp\legendary_crafter\Help\Documentation.mshc
  Compressed 4 folders, 74 files.  Reduced size by 101.205 bytes (62%).
    Last step completed in 00:00:02,1351
</buildStep>
<buildStep step="CleanIntermediates">
Removing intermediate files...
    Last step completed in 00:00:00,1120
</buildStep>
<buildStep step="Completed">

Build completed successfully at 05.05.2015 02:53:11.  Total time: 00:00:22,1534

</buildStep>
</shfbBuild>
